#
# A fatal error has been detected by the Java Runtime Environment:
#
#  SIGSEGV (0xb) at pc=0x000000011fe98a64, pid=793, tid=5891
#
# JRE version: 7.0_15-b03
# Java VM: Java HotSpot(TM) 64-Bit Server VM (23.7-b01 mixed mode bsd-amd64 compressed oops)
# Problematic frame:
# C  [liblwawt.dylib+0xda64]  JNI_OnLoad+0x96
#
# Failed to write core dump. Core dumps have been disabled. To enable core dumping, try "ulimit -c unlimited" before starting Java again
#
# If you would like to submit a bug report, please visit:
#   http://bugreport.sun.com/bugreport/crash.jsp
# The crash happened outside the Java Virtual Machine in native code.
# See problematic frame for where to report the bug.
#

---------------  T H R E A D  ---------------

Current thread (0x00007f82ca801800):  JavaThread "main" [_thread_in_native, id=5891, stack(0x000000010402a000,0x000000010412a000)]

siginfo:si_signo=SIGSEGV: si_errno=0, si_code=1 (SEGV_MAPERR), si_addr=0x0000000000000000

Registers:
RAX=0x000000011ffd82f0, RBX=0x0000000000000000, RCX=0x000000011fed4669, RDX=0x00007f82c94372e0
RSP=0x00000001041294e0, RBP=0x0000000104129570, RSI=0x00000001041294c4, RDI=0x0000000000000000
R8 =0x00007f82c9437358, R9 =0x00000000fffffff0, R10=0x00000001200d0d08, R11=0x00000001200bbc6a
R12=0x00007f82c9437920, R13=0x000000011fe989ce, R14=0x0000000103c2eb08, R15=0x00007f82c94373f0
RIP=0x000000011fe98a64, EFLAGS=0x0000000000010206, ERR=0x0000000000000004
  TRAPNO=0x000000000000000e

Top of Stack: (sp=0x00000001041294e0)
0x00000001041294e0:   00007f82c9437920 0000000000000000
0x00000001041294f0:   00007fff7d5a1200 00007f82c94373f0
0x0000000104129500:   0000000104129540 00007fff910e2195
0x0000000104129510:   000000011ff14498 00012068c9437af0
0x0000000104129520:   00009a0000009a00 000000011fe989ce
0x0000000104129530:   00000001041536a1 00007f82c94373f0
0x0000000104129540:   95223e4097322eb7 0000000104129758
0x0000000104129550:   00007f82c9437920 000000011fe989ce
0x0000000104129560:   00007f82ca8019d8 00007f82c94373f0
0x0000000104129570:   00000001041296d0 000000010413a6d1
0x0000000104129580:   00007f82ca200df8 0000000104129750
0x0000000104129590:   0000000103c2eb08 00000001041536a1
0x00000001041295a0:   00007f82ca801800 00007f82ca200e00
0x00000001041295b0:   0000000104129660 00000001037df352
0x00000001041295c0:   0000000104129670 000000010738ca90
0x00000001041295d0:   000000010421bc63 0000000104204410
0x00000001041295e0:   0000000100000000 00000001041296d0
0x00000001041295f0:   0000000000000055 00000001041295f8
0x0000000104129600:   0000000119ed7498 0000000104120178
0x0000000104129610:   0000000119f804c8 00000001041295c8
0x0000000104129620:   0000000104129609 0000000000000001
0x0000000104129630:   0000000104129630 0000000119f92018
0x0000000104129640:   0000000104129688 0000000119f995a8
0x0000000104129650:   0000000000000000 0000000119f92030
0x0000000104129660:   0000000000000000 0000000104129680
0x0000000104129670:   0000000000000000 000000010738ca90
0x0000000104129680:   0000000000000000 00000001072d5170
0x0000000104129690:   0000000000000001 0000000000000000
0x00000001041296a0:   95223e4097322eb7 000000011a06af18
0x00000001041296b0:   0000000000000000 000000011a06af18
0x00000001041296c0:   0000000104129758 00007f82ca801800
0x00000001041296d0:   0000000104129730 0000000104210f90 

Instructions: (pc=0x000000011fe98a64)
0x000000011fe98a44:   75 03 00 4c 89 f7 e8 89 6e 03 00 48 c7 85 78 ff
0x000000011fe98a54:   ff ff 00 00 00 00 48 8b 05 cf 29 06 00 48 8b 38
0x000000011fe98a64:   48 8b 07 48 8d b5 78 ff ff ff ba 04 00 01 00 ff
0x000000011fe98a74:   50 30 85 c0 75 0a 48 83 bd 78 ff ff ff 00 75 55 

Register to memory mapping:

RAX=0x000000011ffd82f0: jvm+0 in /Library/Java/JavaVirtualMachines/jdk1.7.0_15.jdk/Contents/Home/jre/lib/./libawt.dylib at 0x000000011ff3d000
RBX=0x0000000000000000 is an unknown value
RCX=0x000000011fed4669: sDefaultImageInfo+0x2d79 in /Library/Java/JavaVirtualMachines/jdk1.7.0_15.jdk/Contents/Home/jre/lib/lwawt/liblwawt.dylib at 0x000000011fe8b000
RDX=0x00007f82c94372e0 is an unknown value
RSP=0x00000001041294e0 is pointing into the stack for thread: 0x00007f82ca801800
RBP=0x0000000104129570 is pointing into the stack for thread: 0x00007f82ca801800
RSI=0x00000001041294c4 is pointing into the stack for thread: 0x00007f82ca801800
RDI=0x0000000000000000 is an unknown value
R8 =0x00007f82c9437358 is an unknown value
R9 =0x00000000fffffff0 is an unknown value
R10=0x00000001200d0d08: appKitEnv+0x17f8 in /Library/Java/JavaVirtualMachines/jdk1.7.0_15.jdk/Contents/Home/jre/lib/./libosxapp.dylib at 0x00000001200b8000
R11=0x00000001200bbc6a: OSXAPP_SetJavaVM+0 in /Library/Java/JavaVirtualMachines/jdk1.7.0_15.jdk/Contents/Home/jre/lib/./libosxapp.dylib at 0x00000001200b8000
R12=0x00007f82c9437920 is an unknown value
R13=0x000000011fe989ce: JNI_OnLoad+0 in /Library/Java/JavaVirtualMachines/jdk1.7.0_15.jdk/Contents/Home/jre/lib/lwawt/liblwawt.dylib at 0x000000011fe8b000
R14=0x0000000103c2eb08: main_vm+0 in /Library/Java/JavaVirtualMachines/jdk1.7.0_15.jdk/Contents/Home/jre/lib/server/libjvm.dylib at 0x0000000103582000
R15=0x00007f82c94373f0 is an unknown value


Stack: [0x000000010402a000,0x000000010412a000],  sp=0x00000001041294e0,  free space=1021k
Native frames: (J=compiled Java code, j=interpreted, Vv=VM code, C=native code)
C  [liblwawt.dylib+0xda64]  JNI_OnLoad+0x96
C  [libjava.dylib+0x16d1]  Java_java_lang_ClassLoader_00024NativeLibrary_load+0xcf
j  java.lang.ClassLoader$NativeLibrary.load(Ljava/lang/String;)V+0
j  java.lang.ClassLoader.loadLibrary1(Ljava/lang/Class;Ljava/io/File;)Z+302
j  java.lang.ClassLoader.loadLibrary0(Ljava/lang/Class;Ljava/io/File;)Z+2
j  java.lang.ClassLoader.loadLibrary(Ljava/lang/Class;Ljava/lang/String;Z)V+217
j  java.lang.Runtime.loadLibrary0(Ljava/lang/Class;Ljava/lang/String;)V+54
j  java.lang.System.loadLibrary(Ljava/lang/String;)V+7
j  Controller.Main.main([Ljava/lang/String;)V+10
v  ~StubRoutines::call_stub
V  [libjvm.dylib+0x28852f]
V  [libjvm.dylib+0x2882fc]
V  [libjvm.dylib+0x2a3b0a]
V  [libjvm.dylib+0x29ce76]
C  [java+0x317e]  JavaMain+0x91d
C  [libsystem_c.dylib+0x147a2]  _pthread_start+0x147
C  [libsystem_c.dylib+0x11e1]  thread_start+0xd

Java frames: (J=compiled Java code, j=interpreted, Vv=VM code)
j  java.lang.ClassLoader$NativeLibrary.load(Ljava/lang/String;)V+0
j  java.lang.ClassLoader.loadLibrary1(Ljava/lang/Class;Ljava/io/File;)Z+302
j  java.lang.ClassLoader.loadLibrary0(Ljava/lang/Class;Ljava/io/File;)Z+2
j  java.lang.ClassLoader.loadLibrary(Ljava/lang/Class;Ljava/lang/String;Z)V+217
j  java.lang.Runtime.loadLibrary0(Ljava/lang/Class;Ljava/lang/String;)V+54
j  java.lang.System.loadLibrary(Ljava/lang/String;)V+7
j  Controller.Main.main([Ljava/lang/String;)V+10
v  ~StubRoutines::call_stub

---------------  P R O C E S S  ---------------

Java Threads: ( => current thread )
  0x00007f82cb02c800 JavaThread "Service Thread" daemon [_thread_blocked, id=19203, stack(0x000000011fc02000,0x000000011fd02000)]
  0x00007f82cb02b800 JavaThread "C2 CompilerThread1" daemon [_thread_blocked, id=18947, stack(0x000000011faff000,0x000000011fbff000)]
  0x00007f82cb02b000 JavaThread "C2 CompilerThread0" daemon [_thread_blocked, id=18691, stack(0x000000011f9fc000,0x000000011fafc000)]
  0x00007f82cb026000 JavaThread "Signal Dispatcher" daemon [_thread_blocked, id=18435, stack(0x000000011f8f9000,0x000000011f9f9000)]
  0x00007f82cb016000 JavaThread "Finalizer" daemon [_thread_blocked, id=14083, stack(0x000000011f6a8000,0x000000011f7a8000)]
  0x00007f82cb015000 JavaThread "Reference Handler" daemon [_thread_blocked, id=13827, stack(0x000000011f5a5000,0x000000011f6a5000)]
=>0x00007f82ca801800 JavaThread "main" [_thread_in_native, id=5891, stack(0x000000010402a000,0x000000010412a000)]

Other Threads:
  0x00007f82cb012800 VMThread [stack: 0x000000011f4a2000,0x000000011f5a2000] [id=13571]
  0x00007f82cb022800 WatcherThread [stack: 0x000000011fd05000,0x000000011fe05000] [id=19459]

VM state:not at safepoint (normal execution)

VM Mutex/Monitor currently owned by a thread: None

Heap
 def new generation   total 5760K, used 774K [0x00000001072d0000, 0x0000000107900000, 0x000000010d6d0000)
  eden space 5184K,  14% used [0x00000001072d0000, 0x0000000107391bd8, 0x00000001077e0000)
  from space 576K,   0% used [0x00000001077e0000, 0x00000001077e0000, 0x0000000107870000)
  to   space 576K,   0% used [0x0000000107870000, 0x0000000107870000, 0x0000000107900000)
 tenured generation   total 12800K, used 0K [0x000000010d6d0000, 0x000000010e350000, 0x0000000119ed0000)
   the space 12800K,   0% used [0x000000010d6d0000, 0x000000010d6d0000, 0x000000010d6d0200, 0x000000010e350000)
 compacting perm gen  total 21248K, used 2760K [0x0000000119ed0000, 0x000000011b390000, 0x000000011f0d0000)
   the space 21248K,  12% used [0x0000000119ed0000, 0x000000011a182248, 0x000000011a182400, 0x000000011b390000)
No shared spaces configured.

Card table byte_map: [0x000000011f0d0000,0x000000011f190000] byte_map_base: 0x000000011e896980

Polling page: 0x0000000104169000

Code Cache  [0x00000001041ff000, 0x000000010446f000, 0x00000001071ff000)
 total_blobs=183 nmethods=1 adapters=135 free_code_cache=48769Kb largest_free_block=49924288

Compilation events (2 events):
Event: 0.086 Thread 0x00007f82cb02b000    1             java.lang.String::hashCode (55 bytes)
Event: 0.094 Thread 0x00007f82cb02b000 nmethod 1 0x000000010425f350 code [0x000000010425f4a0, 0x000000010425f638]

GC Heap History (0 events):
No events

Deoptimization events (0 events):
No events

Internal exceptions (10 events):
Event: 0.096 Thread 0x00007f82ca801800 Threw 0x0000000107362358 at /HUDSON/workspace/jdk7u15-2-build-macosx-amd64-product/jdk7u15/hotspot/src/share/vm/prims/jvm.cpp:1166
Event: 0.098 Thread 0x00007f82ca801800 Threw 0x0000000107362df0 at /HUDSON/workspace/jdk7u15-2-build-macosx-amd64-product/jdk7u15/hotspot/src/share/vm/prims/jni.cpp:716
Event: 0.098 Thread 0x00007f82ca801800 Threw 0x0000000107362f10 at /HUDSON/workspace/jdk7u15-2-build-macosx-amd64-product/jdk7u15/hotspot/src/share/vm/prims/jvm.cpp:1166
Event: 0.098 Thread 0x00007f82ca801800 Threw 0x0000000107363038 at /HUDSON/workspace/jdk7u15-2-build-macosx-amd64-product/jdk7u15/hotspot/src/share/vm/prims/jvm.cpp:1166
Event: 0.100 Thread 0x00007f82ca801800 Threw 0x0000000107375238 at /HUDSON/workspace/jdk7u15-2-build-macosx-amd64-product/jdk7u15/hotspot/src/share/vm/prims/jni.cpp:716
Event: 0.100 Thread 0x00007f82ca801800 Threw 0x0000000107375358 at /HUDSON/workspace/jdk7u15-2-build-macosx-amd64-product/jdk7u15/hotspot/src/share/vm/prims/jvm.cpp:1166
Event: 0.100 Thread 0x00007f82ca801800 Threw 0x0000000107375480 at /HUDSON/workspace/jdk7u15-2-build-macosx-amd64-product/jdk7u15/hotspot/src/share/vm/prims/jvm.cpp:1166
Event: 0.100 Thread 0x00007f82ca801800 Threw 0x00000001073756d0 at /HUDSON/workspace/jdk7u15-2-build-macosx-amd64-product/jdk7u15/hotspot/src/share/vm/prims/jvm.cpp:1166
Event: 0.104 Thread 0x00007f82ca801800 Threw 0x000000010737b5d0 at /HUDSON/workspace/jdk7u15-2-build-macosx-amd64-product/jdk7u15/hotspot/src/share/vm/prims/jvm.cpp:1166
Event: 0.110 Thread 0x00007f82ca801800 Threw 0x00000001073895a0 at /HUDSON/workspace/jdk7u15-2-build-macosx-amd64-product/jdk7u15/hotspot/src/share/vm/prims/jvm.cpp:1166

Events (10 events):
Event: 0.108 loading class 0x00007f82c9435910
Event: 0.109 loading class 0x00007f82c9435d60
Event: 0.109 loading class 0x00007f82c9435d60 done
Event: 0.109 loading class 0x00007f82c9435910 done
Event: 0.109 loading class 0x00007f82c9434d20
Event: 0.109 loading class 0x00007f82c9434d20 done
Event: 0.110 loading class 0x00007f82c9433970
Event: 0.110 loading class 0x00007f82c9433970 done
Event: 0.110 loading class 0x00007f82c941a570
Event: 0.110 loading class 0x00007f82c941a570 done


Dynamic libraries:
0x000000000be93000 	/System/Library/Frameworks/Cocoa.framework/Versions/A/Cocoa
0x000000000be93000 	/System/Library/Frameworks/Security.framework/Versions/A/Security
0x000000000be93000 	/System/Library/Frameworks/ApplicationServices.framework/Versions/A/ApplicationServices
0x000000000be93000 	/usr/lib/libz.1.dylib
0x000000000be93000 	/usr/lib/libSystem.B.dylib
0x000000000be93000 	/usr/lib/libobjc.A.dylib
0x000000000be93000 	/System/Library/Frameworks/CoreFoundation.framework/Versions/A/CoreFoundation
0x000000000be93000 	/System/Library/Frameworks/AppKit.framework/Versions/C/AppKit
0x000000000be93000 	/System/Library/Frameworks/CoreData.framework/Versions/A/CoreData
0x000000000be93000 	/System/Library/Frameworks/Foundation.framework/Versions/C/Foundation
0x000000000be93000 	/System/Library/PrivateFrameworks/RemoteViewServices.framework/Versions/A/RemoteViewServices
0x000000000be93000 	/System/Library/Frameworks/AudioToolbox.framework/Versions/A/AudioToolbox
0x000000000be93000 	/System/Library/Frameworks/AudioUnit.framework/Versions/A/AudioUnit
0x000000000be93000 	/System/Library/PrivateFrameworks/DataDetectorsCore.framework/Versions/A/DataDetectorsCore
0x000000000be93000 	/System/Library/PrivateFrameworks/DesktopServicesPriv.framework/Versions/A/DesktopServicesPriv
0x000000000be93000 	/System/Library/Frameworks/Carbon.framework/Versions/A/Frameworks/HIToolbox.framework/Versions/A/HIToolbox
0x000000000be93000 	/System/Library/Frameworks/QuartzCore.framework/Versions/A/QuartzCore
0x000000000be93000 	/System/Library/Frameworks/Carbon.framework/Versions/A/Frameworks/SpeechRecognition.framework/Versions/A/SpeechRecognition
0x000000000be93000 	/usr/lib/libauto.dylib
0x000000000be93000 	/usr/lib/libicucore.A.dylib
0x000000000be93000 	/usr/lib/libxml2.2.dylib
0x000000000be93000 	/System/Library/PrivateFrameworks/CoreUI.framework/Versions/A/CoreUI
0x000000000be93000 	/System/Library/Frameworks/CoreAudio.framework/Versions/A/CoreAudio
0x000000000be93000 	/System/Library/Frameworks/DiskArbitration.framework/Versions/A/DiskArbitration
0x000000000be93000 	/usr/lib/liblangid.dylib
0x000000000be93000 	/System/Library/PrivateFrameworks/MultitouchSupport.framework/Versions/A/MultitouchSupport
0x000000000be93000 	/System/Library/Frameworks/IOKit.framework/Versions/A/IOKit
0x000000000be93000 	/usr/lib/libDiagnosticMessagesClient.dylib
0x000000000be93000 	/System/Library/Frameworks/CoreServices.framework/Versions/A/CoreServices
0x000000000be93000 	/System/Library/PrivateFrameworks/PerformanceAnalysis.framework/Versions/A/PerformanceAnalysis
0x000000000be93000 	/System/Library/PrivateFrameworks/GenerationalStorage.framework/Versions/A/GenerationalStorage
0x000000000be93000 	/System/Library/Frameworks/OpenGL.framework/Versions/A/OpenGL
0x000000000be93000 	/System/Library/Frameworks/CoreText.framework/Versions/A/CoreText
0x000000000be93000 	/System/Library/Frameworks/ImageIO.framework/Versions/A/ImageIO
0x000000000be93000 	/System/Library/PrivateFrameworks/Backup.framework/Versions/A/Backup
0x000000000be93000 	/System/Library/Frameworks/CFNetwork.framework/Versions/A/CFNetwork
0x000000000be93000 	/System/Library/Frameworks/SystemConfiguration.framework/Versions/A/SystemConfiguration
0x000000000be93000 	/usr/lib/libCRFSuite.dylib
0x000000000be93000 	/System/Library/PrivateFrameworks/TCC.framework/Versions/A/TCC
0x000000000be93000 	/usr/lib/libc++.1.dylib
0x000000000be93000 	/usr/lib/libc++abi.dylib
0x000000000be93000 	/usr/lib/system/libcache.dylib
0x000000000be93000 	/usr/lib/system/libcommonCrypto.dylib
0x000000000be93000 	/usr/lib/system/libcompiler_rt.dylib
0x000000000be93000 	/usr/lib/system/libcopyfile.dylib
0x000000000be93000 	/usr/lib/system/libdispatch.dylib
0x000000000be93000 	/usr/lib/system/libdnsinfo.dylib
0x000000000be93000 	/usr/lib/system/libdyld.dylib
0x000000000be93000 	/usr/lib/system/libkeymgr.dylib
0x000000000be93000 	/usr/lib/system/liblaunch.dylib
0x000000000be93000 	/usr/lib/system/libmacho.dylib
0x000000000be93000 	/usr/lib/system/libquarantine.dylib
0x000000000be93000 	/usr/lib/system/libremovefile.dylib
0x000000000be93000 	/usr/lib/system/libsystem_blocks.dylib
0x000000000be93000 	/usr/lib/system/libsystem_c.dylib
0x000000000be93000 	/usr/lib/system/libsystem_dnssd.dylib
0x000000000be93000 	/usr/lib/system/libsystem_info.dylib
0x000000000be93000 	/usr/lib/system/libsystem_kernel.dylib
0x000000000be93000 	/usr/lib/system/libsystem_m.dylib
0x000000000be93000 	/usr/lib/system/libsystem_network.dylib
0x000000000be93000 	/usr/lib/system/libsystem_notify.dylib
0x000000000be93000 	/usr/lib/system/libsystem_sandbox.dylib
0x000000000be93000 	/usr/lib/system/libunc.dylib
0x000000000be93000 	/usr/lib/system/libunwind.dylib
0x000000000be93000 	/usr/lib/system/libxpc.dylib
0x000000000be93000 	/usr/lib/system/libcorecrypto.dylib
0x000000000be93000 	/usr/lib/libstdc++.6.dylib
0x000000000be93000 	/usr/lib/libbsm.0.dylib
0x000000000be93000 	/usr/lib/libsqlite3.dylib
0x000000000be93000 	/usr/lib/libxar.1.dylib
0x000000000be93000 	/usr/lib/libpam.2.dylib
0x000000000be93000 	/usr/lib/libOpenScriptingUtil.dylib
0x000000000be93000 	/usr/lib/libbz2.1.0.dylib
0x000000000be93000 	/System/Library/Frameworks/CoreServices.framework/Versions/A/Frameworks/CarbonCore.framework/Versions/A/CarbonCore
0x000000000be93000 	/System/Library/Frameworks/CoreServices.framework/Versions/A/Frameworks/Metadata.framework/Versions/A/Metadata
0x000000000be93000 	/System/Library/Frameworks/CoreServices.framework/Versions/A/Frameworks/OSServices.framework/Versions/A/OSServices
0x000000000be93000 	/System/Library/Frameworks/CoreServices.framework/Versions/A/Frameworks/SearchKit.framework/Versions/A/SearchKit
0x000000000be93000 	/System/Library/Frameworks/CoreServices.framework/Versions/A/Frameworks/AE.framework/Versions/A/AE
0x000000000be93000 	/System/Library/Frameworks/CoreServices.framework/Versions/A/Frameworks/LaunchServices.framework/Versions/A/LaunchServices
0x000000000be93000 	/System/Library/Frameworks/CoreServices.framework/Versions/A/Frameworks/DictionaryServices.framework/Versions/A/DictionaryServices
0x000000000be93000 	/System/Library/Frameworks/NetFS.framework/Versions/A/NetFS
0x000000000be93000 	/usr/lib/system/libkxld.dylib
0x000000000be93000 	/System/Library/PrivateFrameworks/NetAuth.framework/Versions/A/NetAuth
0x000000000be93000 	/System/Library/Frameworks/OpenDirectory.framework/Versions/A/Frameworks/CFOpenDirectory.framework/Versions/A/CFOpenDirectory
0x000000000be93000 	/usr/lib/libxslt.1.dylib
0x000000000be93000 	/System/Library/PrivateFrameworks/FamilyControls.framework/Versions/A/FamilyControls
0x000000000be93000 	/System/Library/Frameworks/Carbon.framework/Versions/A/Frameworks/Ink.framework/Versions/A/Ink
0x000000000be93000 	/System/Library/Frameworks/ApplicationServices.framework/Versions/A/Frameworks/CoreGraphics.framework/Versions/A/CoreGraphics
0x000000000be93000 	/System/Library/Frameworks/ApplicationServices.framework/Versions/A/Frameworks/ATS.framework/Versions/A/ATS
0x000000000be93000 	/System/Library/Frameworks/ApplicationServices.framework/Versions/A/Frameworks/ColorSync.framework/Versions/A/ColorSync
0x000000000be93000 	/System/Library/Frameworks/ApplicationServices.framework/Versions/A/Frameworks/HIServices.framework/Versions/A/HIServices
0x000000000be93000 	/System/Library/Frameworks/ApplicationServices.framework/Versions/A/Frameworks/LangAnalysis.framework/Versions/A/LangAnalysis
0x000000000be93000 	/System/Library/Frameworks/ApplicationServices.framework/Versions/A/Frameworks/PrintCore.framework/Versions/A/PrintCore
0x000000000be93000 	/System/Library/Frameworks/ApplicationServices.framework/Versions/A/Frameworks/QD.framework/Versions/A/QD
0x000000000be93000 	/System/Library/Frameworks/ApplicationServices.framework/Versions/A/Frameworks/SpeechSynthesis.framework/Versions/A/SpeechSynthesis
0x000000000be93000 	/System/Library/Frameworks/IOSurface.framework/Versions/A/IOSurface
0x000000000be93000 	/System/Library/Frameworks/Accelerate.framework/Versions/A/Accelerate
0x000000000be93000 	/System/Library/Frameworks/ApplicationServices.framework/Versions/A/Frameworks/ATS.framework/Versions/A/Resources/libFontParser.dylib
0x000000000be93000 	/System/Library/Frameworks/ApplicationServices.framework/Versions/A/Frameworks/ATS.framework/Versions/A/Resources/libFontRegistry.dylib
0x000000000be93000 	/System/Library/Frameworks/Accelerate.framework/Versions/A/Frameworks/vImage.framework/Versions/A/vImage
0x000000000be93000 	/System/Library/Frameworks/Accelerate.framework/Versions/A/Frameworks/vecLib.framework/Versions/A/vecLib
0x000000000be93000 	/System/Library/Frameworks/Accelerate.framework/Versions/A/Frameworks/vecLib.framework/Versions/A/libvDSP.dylib
0x000000000be93000 	/System/Library/Frameworks/Accelerate.framework/Versions/A/Frameworks/vecLib.framework/Versions/A/libvMisc.dylib
0x000000000be93000 	/System/Library/Frameworks/Accelerate.framework/Versions/A/Frameworks/vecLib.framework/Versions/A/libLAPACK.dylib
0x000000000be93000 	/System/Library/Frameworks/Accelerate.framework/Versions/A/Frameworks/vecLib.framework/Versions/A/libBLAS.dylib
0x000000000be93000 	/System/Library/Frameworks/ImageIO.framework/Versions/A/Resources/libJPEG.dylib
0x000000000be93000 	/System/Library/Frameworks/ImageIO.framework/Versions/A/Resources/libTIFF.dylib
0x000000000be93000 	/System/Library/Frameworks/ImageIO.framework/Versions/A/Resources/libPng.dylib
0x000000000be93000 	/System/Library/Frameworks/ImageIO.framework/Versions/A/Resources/libGIF.dylib
0x000000000be93000 	/System/Library/Frameworks/ImageIO.framework/Versions/A/Resources/libJP2.dylib
0x000000000be93000 	/System/Library/Frameworks/ImageIO.framework/Versions/A/Resources/libRadiance.dylib
0x000000000be93000 	/usr/lib/libcups.2.dylib
0x000000000be93000 	/System/Library/Frameworks/Kerberos.framework/Versions/A/Kerberos
0x000000000be93000 	/System/Library/Frameworks/GSS.framework/Versions/A/GSS
0x000000000be93000 	/usr/lib/libresolv.9.dylib
0x000000000be93000 	/usr/lib/libiconv.2.dylib
0x000000000be93000 	/System/Library/PrivateFrameworks/Heimdal.framework/Versions/A/Heimdal
0x000000000be93000 	/System/Library/PrivateFrameworks/TrustEvaluationAgent.framework/Versions/A/TrustEvaluationAgent
0x000000000be93000 	/System/Library/Frameworks/OpenDirectory.framework/Versions/A/OpenDirectory
0x000000000be93000 	/System/Library/PrivateFrameworks/CommonAuth.framework/Versions/A/CommonAuth
0x000000000be93000 	/System/Library/PrivateFrameworks/Bom.framework/Versions/A/Bom
0x000000000be93000 	/System/Library/Frameworks/CoreVideo.framework/Versions/A/CoreVideo
0x000000000be93000 	/System/Library/Frameworks/QuartzCore.framework/Versions/A/Frameworks/CoreImage.framework/Versions/A/CoreImage
0x000000000be93000 	/System/Library/Frameworks/QuartzCore.framework/Versions/A/Frameworks/ScalableUserInterface.framework/Versions/A/ScalableUserInterface
0x000000000be93000 	/System/Library/Frameworks/OpenGL.framework/Versions/A/Libraries/libGLU.dylib
0x000000000be93000 	/System/Library/Frameworks/OpenGL.framework/Versions/A/Libraries/libGFXShared.dylib
0x000000000be93000 	/System/Library/Frameworks/OpenGL.framework/Versions/A/Libraries/libGL.dylib
0x000000000be93000 	/System/Library/Frameworks/OpenGL.framework/Versions/A/Libraries/libGLImage.dylib
0x000000000be93000 	/System/Library/Frameworks/OpenGL.framework/Versions/A/Libraries/libCVMSPluginSupport.dylib
0x000000000be93000 	/System/Library/Frameworks/OpenGL.framework/Versions/A/Libraries/libCoreVMClient.dylib
0x000000000be93000 	/System/Library/PrivateFrameworks/CrashReporterSupport.framework/Versions/A/CrashReporterSupport
0x000000000be93000 	/System/Library/Frameworks/OpenCL.framework/Versions/A/OpenCL
0x000000000be93000 	/System/Library/PrivateFrameworks/FaceCoreLight.framework/Versions/A/FaceCoreLight
0x000000000be93000 	/System/Library/PrivateFrameworks/AppleFSCompression.framework/Versions/A/AppleFSCompression
0x000000000be93000 	/System/Library/PrivateFrameworks/Ubiquity.framework/Versions/A/Ubiquity
0x000000000be93000 	/System/Library/Frameworks/ServiceManagement.framework/Versions/A/ServiceManagement
0x000000000be93000 	/System/Library/PrivateFrameworks/ChunkingLibrary.framework/Versions/A/ChunkingLibrary
0x000000000be93000 	/System/Library/Frameworks/vecLib.framework/Versions/A/vecLib
0x000000000be93000 	/System/Library/Frameworks/SecurityFoundation.framework/Versions/A/SecurityFoundation
0x000000000be93000 	/System/Library/PrivateFrameworks/CommerceKit.framework/Versions/A/Frameworks/CommerceCore.framework/Versions/A/CommerceCore
0x000000000be93000 	/System/Library/PrivateFrameworks/CoreSymbolication.framework/Versions/A/CoreSymbolication
0x000000000be93000 	/System/Library/PrivateFrameworks/Symbolication.framework/Versions/A/Symbolication
0x000000000be93000 	/System/Library/PrivateFrameworks/DebugSymbols.framework/Versions/A/DebugSymbols
0x0000000103582000 	/Library/Java/JavaVirtualMachines/jdk1.7.0_15.jdk/Contents/Home/jre/lib/server/libjvm.dylib
0x000000010412c000 	/Library/Java/JavaVirtualMachines/jdk1.7.0_15.jdk/Contents/Home/jre/lib/libverify.dylib
0x0000000104139000 	/Library/Java/JavaVirtualMachines/jdk1.7.0_15.jdk/Contents/Home/jre/lib/libjava.dylib
0x00000001041f6000 	/Library/Java/JavaVirtualMachines/jdk1.7.0_15.jdk/Contents/Home/jre/lib/libzip.dylib
0x000000011f7aa000 	/System/Library/Frameworks/JavaVM.framework/Frameworks/JavaRuntimeSupport.framework/JavaRuntimeSupport
0x000000011f7c2000 	/System/Library/Frameworks/JavaVM.framework/Versions/A/Frameworks/JavaNativeFoundation.framework/Versions/A/JavaNativeFoundation
0x000000011f7d7000 	/System/Library/Frameworks/JavaVM.framework/Versions/A/JavaVM
0x000000000be93000 	/System/Library/Frameworks/Carbon.framework/Versions/A/Carbon
0x000000011f7e4000 	/System/Library/PrivateFrameworks/JavaLaunching.framework/Versions/A/JavaLaunching
0x000000000be93000 	/System/Library/Frameworks/Carbon.framework/Versions/A/Frameworks/CommonPanels.framework/Versions/A/CommonPanels
0x000000000be93000 	/System/Library/Frameworks/Carbon.framework/Versions/A/Frameworks/Help.framework/Versions/A/Help
0x000000000be93000 	/System/Library/Frameworks/Carbon.framework/Versions/A/Frameworks/ImageCapture.framework/Versions/A/ImageCapture
0x000000000be93000 	/System/Library/Frameworks/Carbon.framework/Versions/A/Frameworks/OpenScripting.framework/Versions/A/OpenScripting
0x000000000be93000 	/System/Library/Frameworks/Carbon.framework/Versions/A/Frameworks/Print.framework/Versions/A/Print
0x000000000be93000 	/System/Library/Frameworks/Carbon.framework/Versions/A/Frameworks/SecurityHI.framework/Versions/A/SecurityHI
0x000000011fe88000 	/Library/Java/JavaVirtualMachines/jdk1.7.0_15.jdk/Contents/Home/jre/lib/libjawt.dylib
0x000000011fe8b000 	/Library/Java/JavaVirtualMachines/jdk1.7.0_15.jdk/Contents/Home/jre/lib/lwawt/liblwawt.dylib
0x000000011ff3d000 	/Library/Java/JavaVirtualMachines/jdk1.7.0_15.jdk/Contents/Home/jre/lib/./libawt.dylib
0x000000011ffec000 	/Library/Java/JavaVirtualMachines/jdk1.7.0_15.jdk/Contents/Home/jre/lib/./libmlib_image.dylib
0x00000001200b8000 	/Library/Java/JavaVirtualMachines/jdk1.7.0_15.jdk/Contents/Home/jre/lib/./libosxapp.dylib
0x00000001200d4000 	/System/Library/Frameworks/ExceptionHandling.framework/Versions/A/ExceptionHandling

VM Arguments:
jvm_args: -Djava.library.path=/Users/sarajohansson/Grupp1/lib/LWJGL/native/macosx -Dfile.encoding=UTF-8 
java_command: Controller.Main
Launcher Type: SUN_STANDARD

Environment Variables:
PATH=/usr/bin:/bin:/usr/sbin:/sbin
SHELL=/bin/bash
DISPLAY=/tmp/launch-P4NQmW/org.macosforge.xquartz:0

Signal Handlers:
SIGSEGV: [libjvm.dylib+0x4a361d], sa_mask[0]=0xfffefeff, sa_flags=0x00000042
SIGBUS: [libjvm.dylib+0x4a361d], sa_mask[0]=0xfffefeff, sa_flags=0x00000042
SIGFPE: [libjvm.dylib+0x3b302d], sa_mask[0]=0xfffefeff, sa_flags=0x00000042
SIGPIPE: [libjvm.dylib+0x3b302d], sa_mask[0]=0xfffefeff, sa_flags=0x00000042
SIGXFSZ: [libjvm.dylib+0x3b302d], sa_mask[0]=0xfffefeff, sa_flags=0x00000042
SIGILL: [libjvm.dylib+0x3b302d], sa_mask[0]=0xfffefeff, sa_flags=0x00000042
SIGUSR1: SIG_DFL, sa_mask[0]=0x00000000, sa_flags=0x00000002
SIGUSR2: [libjvm.dylib+0x3b2bc6], sa_mask[0]=0x00000004, sa_flags=0x00000042
SIGHUP: [libjvm.dylib+0x3b0e27], sa_mask[0]=0xfffefeff, sa_flags=0x00000042
SIGINT: [libjvm.dylib+0x3b0e27], sa_mask[0]=0xfffefeff, sa_flags=0x00000042
SIGTERM: [libjvm.dylib+0x3b0e27], sa_mask[0]=0xfffefeff, sa_flags=0x00000042
SIGQUIT: [libjvm.dylib+0x3b0e27], sa_mask[0]=0xfffefeff, sa_flags=0x00000042


---------------  S Y S T E M  ---------------

OS:Bsduname:Darwin 12.3.0 Darwin Kernel Version 12.3.0: Sun Jan  6 22:37:10 PST 2013; root:xnu-2050.22.13~1/RELEASE_X86_64 x86_64
rlimit: STACK 8192k, CORE 0k, NPROC 709, NOFILE 10240, AS infinity
load average:0.97 0.78 0.67

CPU:total 4 (2 cores per cpu, 2 threads per core) family 6 model 42 stepping 7, cmov, cx8, fxsr, mmx, sse, sse2, sse3, ssse3, sse4.1, sse4.2, popcnt, avx, ht, tsc, tscinvbit

Memory: 4k page, physical 1224052k(306013k free)

/proc/meminfo:


vm_info: Java HotSpot(TM) 64-Bit Server VM (23.7-b01) for bsd-amd64 JRE (1.7.0_15-b03), built on Feb 15 2013 14:26:35 by "java_re" with gcc 4.2.1 (Based on Apple Inc. build 5658) (LLVM build 2336.11.00)

time: Mon Apr 15 10:39:04 2013
elapsed time: 0 seconds

