#
# A fatal error has been detected by the Java Runtime Environment:
#
#  SIGSEGV (0xb) at pc=0x0000000167edfa64, pid=718, tid=5891
#
# JRE version: 7.0_15-b03
# Java VM: Java HotSpot(TM) 64-Bit Server VM (23.7-b01 mixed mode bsd-amd64 compressed oops)
# Problematic frame:
# C  [liblwawt.dylib+0xda64]  JNI_OnLoad+0x96
#
# Failed to write core dump. Core dumps have been disabled. To enable core dumping, try "ulimit -c unlimited" before starting Java again
#
# If you would like to submit a bug report, please visit:
#   http://bugreport.sun.com/bugreport/crash.jsp
# The crash happened outside the Java Virtual Machine in native code.
# See problematic frame for where to report the bug.
#

---------------  T H R E A D  ---------------

Current thread (0x00007fdb42000800):  JavaThread "main" [_thread_in_native, id=5891, stack(0x0000000106fed000,0x00000001070ed000)]

siginfo:si_signo=SIGSEGV: si_errno=0, si_code=1 (SEGV_MAPERR), si_addr=0x0000000000000000

Registers:
RAX=0x000000016801f2f0, RBX=0x0000000000000000, RCX=0x0000000167f1b669, RDX=0x00007fdb40c48db0
RSP=0x00000001070ec4e0, RBP=0x00000001070ec570, RSI=0x00000001070ec4c4, RDI=0x0000000000000000
R8 =0x00007fdb40c48e28, R9 =0x00000000fffffff0, R10=0x0000000168117d08, R11=0x0000000168102c6a
R12=0x00007fdb41b24dd0, R13=0x0000000167edf9ce, R14=0x0000000106bf1b08, R15=0x00007fdb41929c10
RIP=0x0000000167edfa64, EFLAGS=0x0000000000010206, ERR=0x0000000000000004
  TRAPNO=0x000000000000000e

Top of Stack: (sp=0x00000001070ec4e0)
0x00000001070ec4e0:   00007fdb41b24dd0 0000000000000000
0x00000001070ec4f0:   00007fff7d5a1200 00007fdb41929c10
0x00000001070ec500:   00000001070ec540 00007fff910e2195
0x00000001070ec510:   0000000167f5b498 0001206841b25090
0x00000001070ec520:   00009a0000009a00 0000000167edf9ce
0x00000001070ec530:   00000001071166a1 00007fdb41929c10
0x00000001070ec540:   6358e3f3980614f5 00000001070ec758
0x00000001070ec550:   00007fdb41b24dd0 0000000167edf9ce
0x00000001070ec560:   00007fdb420009d8 00007fdb41929c10
0x00000001070ec570:   00000001070ec6d0 00000001070fd6d1
0x00000001070ec580:   00007fdb419016b8 00000001070ec750
0x00000001070ec590:   0000000106bf1b08 00000001071166a1
0x00000001070ec5a0:   00007fdb42000800 00007fdb419016c0
0x00000001070ec5b0:   00000001070ec660 00000001067a2352
0x00000001070ec5c0:   00000001070ec670 000000014695c328
0x00000001070ec5d0:   00000001071dec63 00000001071c7410
0x00000001070ec5e0:   0000000100000000 00000001070ec6d0
0x00000001070ec5f0:   0000000000000055 00000001070ec5f8
0x00000001070ec600:   000000010a2a7498 00000001070e0178
0x00000001070ec610:   000000010a3504c8 00000001070ec5c8
0x00000001070ec620:   00000001070ec609 0000000000000001
0x00000001070ec630:   00000001070ec630 000000010a362018
0x00000001070ec640:   00000001070ec688 000000010a3695a8
0x00000001070ec650:   0000000000000000 000000010a362030
0x00000001070ec660:   0000000000000000 00000001070ec680
0x00000001070ec670:   0000000000000000 000000014695c328
0x00000001070ec680:   0000000000000000 00000001468a5170
0x00000001070ec690:   0000000000000001 0000000000000000
0x00000001070ec6a0:   6358e3f3980614f5 000000010a43af18
0x00000001070ec6b0:   0000000000000000 000000010a43af18
0x00000001070ec6c0:   00000001070ec758 00007fdb42000800
0x00000001070ec6d0:   00000001070ec730 00000001071d3f90 

Instructions: (pc=0x0000000167edfa64)
0x0000000167edfa44:   75 03 00 4c 89 f7 e8 89 6e 03 00 48 c7 85 78 ff
0x0000000167edfa54:   ff ff 00 00 00 00 48 8b 05 cf 29 06 00 48 8b 38
0x0000000167edfa64:   48 8b 07 48 8d b5 78 ff ff ff ba 04 00 01 00 ff
0x0000000167edfa74:   50 30 85 c0 75 0a 48 83 bd 78 ff ff ff 00 75 55 

Register to memory mapping:

RAX=0x000000016801f2f0: jvm+0 in /Library/Java/JavaVirtualMachines/jdk1.7.0_15.jdk/Contents/Home/jre/lib/./libawt.dylib at 0x0000000167f84000
RBX=0x0000000000000000 is an unknown value
RCX=0x0000000167f1b669: sDefaultImageInfo+0x2d79 in /Library/Java/JavaVirtualMachines/jdk1.7.0_15.jdk/Contents/Home/jre/lib/lwawt/liblwawt.dylib at 0x0000000167ed2000
RDX=0x00007fdb40c48db0 is an unknown value
RSP=0x00000001070ec4e0 is pointing into the stack for thread: 0x00007fdb42000800
RBP=0x00000001070ec570 is pointing into the stack for thread: 0x00007fdb42000800
RSI=0x00000001070ec4c4 is pointing into the stack for thread: 0x00007fdb42000800
RDI=0x0000000000000000 is an unknown value
R8 =0x00007fdb40c48e28 is an unknown value
R9 =0x00000000fffffff0 is an unknown value
R10=0x0000000168117d08: appKitEnv+0x17f8 in /Library/Java/JavaVirtualMachines/jdk1.7.0_15.jdk/Contents/Home/jre/lib/./libosxapp.dylib at 0x00000001680ff000
R11=0x0000000168102c6a: OSXAPP_SetJavaVM+0 in /Library/Java/JavaVirtualMachines/jdk1.7.0_15.jdk/Contents/Home/jre/lib/./libosxapp.dylib at 0x00000001680ff000
R12=0x00007fdb41b24dd0 is an unknown value
R13=0x0000000167edf9ce: JNI_OnLoad+0 in /Library/Java/JavaVirtualMachines/jdk1.7.0_15.jdk/Contents/Home/jre/lib/lwawt/liblwawt.dylib at 0x0000000167ed2000
R14=0x0000000106bf1b08: main_vm+0 in /Library/Java/JavaVirtualMachines/jdk1.7.0_15.jdk/Contents/Home/jre/lib/server/libjvm.dylib at 0x0000000106545000
R15=0x00007fdb41929c10 is an unknown value


Stack: [0x0000000106fed000,0x00000001070ed000],  sp=0x00000001070ec4e0,  free space=1021k
Native frames: (J=compiled Java code, j=interpreted, Vv=VM code, C=native code)
C  [liblwawt.dylib+0xda64]  JNI_OnLoad+0x96
C  [libjava.dylib+0x16d1]  Java_java_lang_ClassLoader_00024NativeLibrary_load+0xcf
j  java.lang.ClassLoader$NativeLibrary.load(Ljava/lang/String;)V+0
j  java.lang.ClassLoader.loadLibrary1(Ljava/lang/Class;Ljava/io/File;)Z+302
j  java.lang.ClassLoader.loadLibrary0(Ljava/lang/Class;Ljava/io/File;)Z+2
j  java.lang.ClassLoader.loadLibrary(Ljava/lang/Class;Ljava/lang/String;Z)V+217
j  java.lang.Runtime.loadLibrary0(Ljava/lang/Class;Ljava/lang/String;)V+54
j  java.lang.System.loadLibrary(Ljava/lang/String;)V+7
j  Controller.Main.main([Ljava/lang/String;)V+10
v  ~StubRoutines::call_stub
V  [libjvm.dylib+0x28852f]
V  [libjvm.dylib+0x2882fc]
V  [libjvm.dylib+0x2a3b0a]
V  [libjvm.dylib+0x29ce76]
C  [java+0x317e]  JavaMain+0x91d
C  [libsystem_c.dylib+0x147a2]  _pthread_start+0x147
C  [libsystem_c.dylib+0x11e1]  thread_start+0xd

Java frames: (J=compiled Java code, j=interpreted, Vv=VM code)
j  java.lang.ClassLoader$NativeLibrary.load(Ljava/lang/String;)V+0
j  java.lang.ClassLoader.loadLibrary1(Ljava/lang/Class;Ljava/io/File;)Z+302
j  java.lang.ClassLoader.loadLibrary0(Ljava/lang/Class;Ljava/io/File;)Z+2
j  java.lang.ClassLoader.loadLibrary(Ljava/lang/Class;Ljava/lang/String;Z)V+217
j  java.lang.Runtime.loadLibrary0(Ljava/lang/Class;Ljava/lang/String;)V+54
j  java.lang.System.loadLibrary(Ljava/lang/String;)V+7
j  Controller.Main.main([Ljava/lang/String;)V+10
v  ~StubRoutines::call_stub

---------------  P R O C E S S  ---------------

Java Threads: ( => current thread )
  0x00007fdb41028000 JavaThread "Service Thread" daemon [_thread_blocked, id=20483, stack(0x0000000167c49000,0x0000000167d49000)]
  0x00007fdb41027800 JavaThread "C2 CompilerThread1" daemon [_thread_blocked, id=20227, stack(0x0000000167b46000,0x0000000167c46000)]
  0x00007fdb41026000 JavaThread "C2 CompilerThread0" daemon [_thread_blocked, id=19971, stack(0x0000000167a43000,0x0000000167b43000)]
  0x00007fdb41025000 JavaThread "Signal Dispatcher" daemon [_thread_blocked, id=19715, stack(0x0000000167940000,0x0000000167a40000)]
  0x00007fdb42802000 JavaThread "Finalizer" daemon [_thread_blocked, id=15107, stack(0x0000000167679000,0x0000000167779000)]
  0x00007fdb42801000 JavaThread "Reference Handler" daemon [_thread_blocked, id=14851, stack(0x0000000167576000,0x0000000167676000)]
=>0x00007fdb42000800 JavaThread "main" [_thread_in_native, id=5891, stack(0x0000000106fed000,0x00000001070ed000)]

Other Threads:
  0x00007fdb43010800 VMThread [stack: 0x0000000167473000,0x0000000167573000] [id=14595]
  0x00007fdb41011000 WatcherThread [stack: 0x0000000167d4c000,0x0000000167e4c000] [id=20739]

VM state:not at safepoint (normal execution)

VM Mutex/Monitor currently owned by a thread: None

Heap
 PSYoungGen      total 24704K, used 895K [0x00000001468a0000, 0x0000000148430000, 0x00000001622a0000)
  eden space 21184K, 4% used [0x00000001468a0000,0x000000014697fef0,0x0000000147d50000)
  from space 3520K, 0% used [0x00000001480c0000,0x00000001480c0000,0x0000000148430000)
  to   space 3520K, 0% used [0x0000000147d50000,0x0000000147d50000,0x00000001480c0000)
 ParOldGen       total 56576K, used 0K [0x000000010f4a0000, 0x0000000112be0000, 0x00000001468a0000)
  object space 56576K, 0% used [0x000000010f4a0000,0x000000010f4a0000,0x0000000112be0000)
 PSPermGen       total 21248K, used 2760K [0x000000010a2a0000, 0x000000010b760000, 0x000000010f4a0000)
  object space 21248K, 12% used [0x000000010a2a0000,0x000000010a552248,0x000000010b760000)

Card table byte_map: [0x00000001622a0000,0x0000000162561000] byte_map_base: 0x0000000161a4eb00

Polling page: 0x000000010712c000

Code Cache  [0x00000001071c2000, 0x0000000107432000, 0x000000010a1c2000)
 total_blobs=183 nmethods=1 adapters=135 free_code_cache=48769Kb largest_free_block=49924288

Compilation events (2 events):
Event: 0.089 Thread 0x00007fdb41026000    1             java.lang.String::hashCode (55 bytes)
Event: 0.096 Thread 0x00007fdb41026000 nmethod 1 0x0000000107222350 code [0x00000001072224a0, 0x0000000107222638]

GC Heap History (0 events):
No events

Deoptimization events (0 events):
No events

Internal exceptions (10 events):
Event: 0.098 Thread 0x00007fdb42000800 Threw 0x0000000146931c10 at /HUDSON/workspace/jdk7u15-2-build-macosx-amd64-product/jdk7u15/hotspot/src/share/vm/prims/jvm.cpp:1166
Event: 0.099 Thread 0x00007fdb42000800 Threw 0x00000001469326a8 at /HUDSON/workspace/jdk7u15-2-build-macosx-amd64-product/jdk7u15/hotspot/src/share/vm/prims/jni.cpp:716
Event: 0.099 Thread 0x00007fdb42000800 Threw 0x00000001469327c8 at /HUDSON/workspace/jdk7u15-2-build-macosx-amd64-product/jdk7u15/hotspot/src/share/vm/prims/jvm.cpp:1166
Event: 0.099 Thread 0x00007fdb42000800 Threw 0x00000001469328f0 at /HUDSON/workspace/jdk7u15-2-build-macosx-amd64-product/jdk7u15/hotspot/src/share/vm/prims/jvm.cpp:1166
Event: 0.102 Thread 0x00007fdb42000800 Threw 0x0000000146944af0 at /HUDSON/workspace/jdk7u15-2-build-macosx-amd64-product/jdk7u15/hotspot/src/share/vm/prims/jni.cpp:716
Event: 0.102 Thread 0x00007fdb42000800 Threw 0x0000000146944c10 at /HUDSON/workspace/jdk7u15-2-build-macosx-amd64-product/jdk7u15/hotspot/src/share/vm/prims/jvm.cpp:1166
Event: 0.102 Thread 0x00007fdb42000800 Threw 0x0000000146944d38 at /HUDSON/workspace/jdk7u15-2-build-macosx-amd64-product/jdk7u15/hotspot/src/share/vm/prims/jvm.cpp:1166
Event: 0.102 Thread 0x00007fdb42000800 Threw 0x0000000146944f88 at /HUDSON/workspace/jdk7u15-2-build-macosx-amd64-product/jdk7u15/hotspot/src/share/vm/prims/jvm.cpp:1166
Event: 0.106 Thread 0x00007fdb42000800 Threw 0x000000014694ae68 at /HUDSON/workspace/jdk7u15-2-build-macosx-amd64-product/jdk7u15/hotspot/src/share/vm/prims/jvm.cpp:1166
Event: 0.111 Thread 0x00007fdb42000800 Threw 0x0000000146958e38 at /HUDSON/workspace/jdk7u15-2-build-macosx-amd64-product/jdk7u15/hotspot/src/share/vm/prims/jvm.cpp:1166

Events (10 events):
Event: 0.109 loading class 0x00007fdb41b23660
Event: 0.109 loading class 0x00007fdb41b23ab0
Event: 0.109 loading class 0x00007fdb41b23ab0 done
Event: 0.109 loading class 0x00007fdb41b23660 done
Event: 0.110 loading class 0x00007fdb41b22a80
Event: 0.110 loading class 0x00007fdb41b22a80 done
Event: 0.110 loading class 0x00007fdb41b216c0
Event: 0.110 loading class 0x00007fdb41b216c0 done
Event: 0.111 loading class 0x00007fdb4191cfc0
Event: 0.111 loading class 0x00007fdb4191cfc0 done


Dynamic libraries:
0x000000000be93000 	/System/Library/Frameworks/Cocoa.framework/Versions/A/Cocoa
0x000000000be93000 	/System/Library/Frameworks/Security.framework/Versions/A/Security
0x000000000be93000 	/System/Library/Frameworks/ApplicationServices.framework/Versions/A/ApplicationServices
0x000000000be93000 	/usr/lib/libz.1.dylib
0x000000000be93000 	/usr/lib/libSystem.B.dylib
0x000000000be93000 	/usr/lib/libobjc.A.dylib
0x000000000be93000 	/System/Library/Frameworks/CoreFoundation.framework/Versions/A/CoreFoundation
0x000000000be93000 	/System/Library/Frameworks/AppKit.framework/Versions/C/AppKit
0x000000000be93000 	/System/Library/Frameworks/CoreData.framework/Versions/A/CoreData
0x000000000be93000 	/System/Library/Frameworks/Foundation.framework/Versions/C/Foundation
0x000000000be93000 	/System/Library/PrivateFrameworks/RemoteViewServices.framework/Versions/A/RemoteViewServices
0x000000000be93000 	/System/Library/Frameworks/AudioToolbox.framework/Versions/A/AudioToolbox
0x000000000be93000 	/System/Library/Frameworks/AudioUnit.framework/Versions/A/AudioUnit
0x000000000be93000 	/System/Library/PrivateFrameworks/DataDetectorsCore.framework/Versions/A/DataDetectorsCore
0x000000000be93000 	/System/Library/PrivateFrameworks/DesktopServicesPriv.framework/Versions/A/DesktopServicesPriv
0x000000000be93000 	/System/Library/Frameworks/Carbon.framework/Versions/A/Frameworks/HIToolbox.framework/Versions/A/HIToolbox
0x000000000be93000 	/System/Library/Frameworks/QuartzCore.framework/Versions/A/QuartzCore
0x000000000be93000 	/System/Library/Frameworks/Carbon.framework/Versions/A/Frameworks/SpeechRecognition.framework/Versions/A/SpeechRecognition
0x000000000be93000 	/usr/lib/libauto.dylib
0x000000000be93000 	/usr/lib/libicucore.A.dylib
0x000000000be93000 	/usr/lib/libxml2.2.dylib
0x000000000be93000 	/System/Library/PrivateFrameworks/CoreUI.framework/Versions/A/CoreUI
0x000000000be93000 	/System/Library/Frameworks/CoreAudio.framework/Versions/A/CoreAudio
0x000000000be93000 	/System/Library/Frameworks/DiskArbitration.framework/Versions/A/DiskArbitration
0x000000000be93000 	/usr/lib/liblangid.dylib
0x000000000be93000 	/System/Library/PrivateFrameworks/MultitouchSupport.framework/Versions/A/MultitouchSupport
0x000000000be93000 	/System/Library/Frameworks/IOKit.framework/Versions/A/IOKit
0x000000000be93000 	/usr/lib/libDiagnosticMessagesClient.dylib
0x000000000be93000 	/System/Library/Frameworks/CoreServices.framework/Versions/A/CoreServices
0x000000000be93000 	/System/Library/PrivateFrameworks/PerformanceAnalysis.framework/Versions/A/PerformanceAnalysis
0x000000000be93000 	/System/Library/PrivateFrameworks/GenerationalStorage.framework/Versions/A/GenerationalStorage
0x000000000be93000 	/System/Library/Frameworks/OpenGL.framework/Versions/A/OpenGL
0x000000000be93000 	/System/Library/Frameworks/CoreText.framework/Versions/A/CoreText
0x000000000be93000 	/System/Library/Frameworks/ImageIO.framework/Versions/A/ImageIO
0x000000000be93000 	/System/Library/PrivateFrameworks/Backup.framework/Versions/A/Backup
0x000000000be93000 	/System/Library/Frameworks/CFNetwork.framework/Versions/A/CFNetwork
0x000000000be93000 	/System/Library/Frameworks/SystemConfiguration.framework/Versions/A/SystemConfiguration
0x000000000be93000 	/usr/lib/libCRFSuite.dylib
0x000000000be93000 	/System/Library/PrivateFrameworks/TCC.framework/Versions/A/TCC
0x000000000be93000 	/usr/lib/libc++.1.dylib
0x000000000be93000 	/usr/lib/libc++abi.dylib
0x000000000be93000 	/usr/lib/system/libcache.dylib
0x000000000be93000 	/usr/lib/system/libcommonCrypto.dylib
0x000000000be93000 	/usr/lib/system/libcompiler_rt.dylib
0x000000000be93000 	/usr/lib/system/libcopyfile.dylib
0x000000000be93000 	/usr/lib/system/libdispatch.dylib
0x000000000be93000 	/usr/lib/system/libdnsinfo.dylib
0x000000000be93000 	/usr/lib/system/libdyld.dylib
0x000000000be93000 	/usr/lib/system/libkeymgr.dylib
0x000000000be93000 	/usr/lib/system/liblaunch.dylib
0x000000000be93000 	/usr/lib/system/libmacho.dylib
0x000000000be93000 	/usr/lib/system/libquarantine.dylib
0x000000000be93000 	/usr/lib/system/libremovefile.dylib
0x000000000be93000 	/usr/lib/system/libsystem_blocks.dylib
0x000000000be93000 	/usr/lib/system/libsystem_c.dylib
0x000000000be93000 	/usr/lib/system/libsystem_dnssd.dylib
0x000000000be93000 	/usr/lib/system/libsystem_info.dylib
0x000000000be93000 	/usr/lib/system/libsystem_kernel.dylib
0x000000000be93000 	/usr/lib/system/libsystem_m.dylib
0x000000000be93000 	/usr/lib/system/libsystem_network.dylib
0x000000000be93000 	/usr/lib/system/libsystem_notify.dylib
0x000000000be93000 	/usr/lib/system/libsystem_sandbox.dylib
0x000000000be93000 	/usr/lib/system/libunc.dylib
0x000000000be93000 	/usr/lib/system/libunwind.dylib
0x000000000be93000 	/usr/lib/system/libxpc.dylib
0x000000000be93000 	/usr/lib/system/libcorecrypto.dylib
0x000000000be93000 	/usr/lib/libstdc++.6.dylib
0x000000000be93000 	/usr/lib/libbsm.0.dylib
0x000000000be93000 	/usr/lib/libsqlite3.dylib
0x000000000be93000 	/usr/lib/libxar.1.dylib
0x000000000be93000 	/usr/lib/libpam.2.dylib
0x000000000be93000 	/usr/lib/libOpenScriptingUtil.dylib
0x000000000be93000 	/usr/lib/libbz2.1.0.dylib
0x000000000be93000 	/System/Library/Frameworks/CoreServices.framework/Versions/A/Frameworks/CarbonCore.framework/Versions/A/CarbonCore
0x000000000be93000 	/System/Library/Frameworks/CoreServices.framework/Versions/A/Frameworks/Metadata.framework/Versions/A/Metadata
0x000000000be93000 	/System/Library/Frameworks/CoreServices.framework/Versions/A/Frameworks/OSServices.framework/Versions/A/OSServices
0x000000000be93000 	/System/Library/Frameworks/CoreServices.framework/Versions/A/Frameworks/SearchKit.framework/Versions/A/SearchKit
0x000000000be93000 	/System/Library/Frameworks/CoreServices.framework/Versions/A/Frameworks/AE.framework/Versions/A/AE
0x000000000be93000 	/System/Library/Frameworks/CoreServices.framework/Versions/A/Frameworks/LaunchServices.framework/Versions/A/LaunchServices
0x000000000be93000 	/System/Library/Frameworks/CoreServices.framework/Versions/A/Frameworks/DictionaryServices.framework/Versions/A/DictionaryServices
0x000000000be93000 	/System/Library/Frameworks/NetFS.framework/Versions/A/NetFS
0x000000000be93000 	/usr/lib/system/libkxld.dylib
0x000000000be93000 	/System/Library/PrivateFrameworks/NetAuth.framework/Versions/A/NetAuth
0x000000000be93000 	/System/Library/Frameworks/OpenDirectory.framework/Versions/A/Frameworks/CFOpenDirectory.framework/Versions/A/CFOpenDirectory
0x000000000be93000 	/usr/lib/libxslt.1.dylib
0x000000000be93000 	/System/Library/PrivateFrameworks/FamilyControls.framework/Versions/A/FamilyControls
0x000000000be93000 	/System/Library/Frameworks/Carbon.framework/Versions/A/Frameworks/Ink.framework/Versions/A/Ink
0x000000000be93000 	/System/Library/Frameworks/ApplicationServices.framework/Versions/A/Frameworks/CoreGraphics.framework/Versions/A/CoreGraphics
0x000000000be93000 	/System/Library/Frameworks/ApplicationServices.framework/Versions/A/Frameworks/ATS.framework/Versions/A/ATS
0x000000000be93000 	/System/Library/Frameworks/ApplicationServices.framework/Versions/A/Frameworks/ColorSync.framework/Versions/A/ColorSync
0x000000000be93000 	/System/Library/Frameworks/ApplicationServices.framework/Versions/A/Frameworks/HIServices.framework/Versions/A/HIServices
0x000000000be93000 	/System/Library/Frameworks/ApplicationServices.framework/Versions/A/Frameworks/LangAnalysis.framework/Versions/A/LangAnalysis
0x000000000be93000 	/System/Library/Frameworks/ApplicationServices.framework/Versions/A/Frameworks/PrintCore.framework/Versions/A/PrintCore
0x000000000be93000 	/System/Library/Frameworks/ApplicationServices.framework/Versions/A/Frameworks/QD.framework/Versions/A/QD
0x000000000be93000 	/System/Library/Frameworks/ApplicationServices.framework/Versions/A/Frameworks/SpeechSynthesis.framework/Versions/A/SpeechSynthesis
0x000000000be93000 	/System/Library/Frameworks/IOSurface.framework/Versions/A/IOSurface
0x000000000be93000 	/System/Library/Frameworks/Accelerate.framework/Versions/A/Accelerate
0x000000000be93000 	/System/Library/Frameworks/ApplicationServices.framework/Versions/A/Frameworks/ATS.framework/Versions/A/Resources/libFontParser.dylib
0x000000000be93000 	/System/Library/Frameworks/ApplicationServices.framework/Versions/A/Frameworks/ATS.framework/Versions/A/Resources/libFontRegistry.dylib
0x000000000be93000 	/System/Library/Frameworks/Accelerate.framework/Versions/A/Frameworks/vImage.framework/Versions/A/vImage
0x000000000be93000 	/System/Library/Frameworks/Accelerate.framework/Versions/A/Frameworks/vecLib.framework/Versions/A/vecLib
0x000000000be93000 	/System/Library/Frameworks/Accelerate.framework/Versions/A/Frameworks/vecLib.framework/Versions/A/libvDSP.dylib
0x000000000be93000 	/System/Library/Frameworks/Accelerate.framework/Versions/A/Frameworks/vecLib.framework/Versions/A/libvMisc.dylib
0x000000000be93000 	/System/Library/Frameworks/Accelerate.framework/Versions/A/Frameworks/vecLib.framework/Versions/A/libLAPACK.dylib
0x000000000be93000 	/System/Library/Frameworks/Accelerate.framework/Versions/A/Frameworks/vecLib.framework/Versions/A/libBLAS.dylib
0x000000000be93000 	/System/Library/Frameworks/ImageIO.framework/Versions/A/Resources/libJPEG.dylib
0x000000000be93000 	/System/Library/Frameworks/ImageIO.framework/Versions/A/Resources/libTIFF.dylib
0x000000000be93000 	/System/Library/Frameworks/ImageIO.framework/Versions/A/Resources/libPng.dylib
0x000000000be93000 	/System/Library/Frameworks/ImageIO.framework/Versions/A/Resources/libGIF.dylib
0x000000000be93000 	/System/Library/Frameworks/ImageIO.framework/Versions/A/Resources/libJP2.dylib
0x000000000be93000 	/System/Library/Frameworks/ImageIO.framework/Versions/A/Resources/libRadiance.dylib
0x000000000be93000 	/usr/lib/libcups.2.dylib
0x000000000be93000 	/System/Library/Frameworks/Kerberos.framework/Versions/A/Kerberos
0x000000000be93000 	/System/Library/Frameworks/GSS.framework/Versions/A/GSS
0x000000000be93000 	/usr/lib/libresolv.9.dylib
0x000000000be93000 	/usr/lib/libiconv.2.dylib
0x000000000be93000 	/System/Library/PrivateFrameworks/Heimdal.framework/Versions/A/Heimdal
0x000000000be93000 	/System/Library/PrivateFrameworks/TrustEvaluationAgent.framework/Versions/A/TrustEvaluationAgent
0x000000000be93000 	/System/Library/Frameworks/OpenDirectory.framework/Versions/A/OpenDirectory
0x000000000be93000 	/System/Library/PrivateFrameworks/CommonAuth.framework/Versions/A/CommonAuth
0x000000000be93000 	/System/Library/PrivateFrameworks/Bom.framework/Versions/A/Bom
0x000000000be93000 	/System/Library/Frameworks/CoreVideo.framework/Versions/A/CoreVideo
0x000000000be93000 	/System/Library/Frameworks/QuartzCore.framework/Versions/A/Frameworks/CoreImage.framework/Versions/A/CoreImage
0x000000000be93000 	/System/Library/Frameworks/QuartzCore.framework/Versions/A/Frameworks/ScalableUserInterface.framework/Versions/A/ScalableUserInterface
0x000000000be93000 	/System/Library/Frameworks/OpenGL.framework/Versions/A/Libraries/libGLU.dylib
0x000000000be93000 	/System/Library/Frameworks/OpenGL.framework/Versions/A/Libraries/libGFXShared.dylib
0x000000000be93000 	/System/Library/Frameworks/OpenGL.framework/Versions/A/Libraries/libGL.dylib
0x000000000be93000 	/System/Library/Frameworks/OpenGL.framework/Versions/A/Libraries/libGLImage.dylib
0x000000000be93000 	/System/Library/Frameworks/OpenGL.framework/Versions/A/Libraries/libCVMSPluginSupport.dylib
0x000000000be93000 	/System/Library/Frameworks/OpenGL.framework/Versions/A/Libraries/libCoreVMClient.dylib
0x000000000be93000 	/System/Library/PrivateFrameworks/CrashReporterSupport.framework/Versions/A/CrashReporterSupport
0x000000000be93000 	/System/Library/Frameworks/OpenCL.framework/Versions/A/OpenCL
0x000000000be93000 	/System/Library/PrivateFrameworks/FaceCoreLight.framework/Versions/A/FaceCoreLight
0x000000000be93000 	/System/Library/PrivateFrameworks/AppleFSCompression.framework/Versions/A/AppleFSCompression
0x000000000be93000 	/System/Library/PrivateFrameworks/Ubiquity.framework/Versions/A/Ubiquity
0x000000000be93000 	/System/Library/Frameworks/ServiceManagement.framework/Versions/A/ServiceManagement
0x000000000be93000 	/System/Library/PrivateFrameworks/ChunkingLibrary.framework/Versions/A/ChunkingLibrary
0x000000000be93000 	/System/Library/Frameworks/vecLib.framework/Versions/A/vecLib
0x000000000be93000 	/System/Library/Frameworks/SecurityFoundation.framework/Versions/A/SecurityFoundation
0x000000000be93000 	/System/Library/PrivateFrameworks/CommerceKit.framework/Versions/A/Frameworks/CommerceCore.framework/Versions/A/CommerceCore
0x000000000be93000 	/System/Library/PrivateFrameworks/CoreSymbolication.framework/Versions/A/CoreSymbolication
0x000000000be93000 	/System/Library/PrivateFrameworks/Symbolication.framework/Versions/A/Symbolication
0x000000000be93000 	/System/Library/PrivateFrameworks/DebugSymbols.framework/Versions/A/DebugSymbols
0x0000000106545000 	/Library/Java/JavaVirtualMachines/jdk1.7.0_15.jdk/Contents/Home/jre/lib/server/libjvm.dylib
0x00000001070ef000 	/Library/Java/JavaVirtualMachines/jdk1.7.0_15.jdk/Contents/Home/jre/lib/libverify.dylib
0x00000001070fc000 	/Library/Java/JavaVirtualMachines/jdk1.7.0_15.jdk/Contents/Home/jre/lib/libjava.dylib
0x00000001071b9000 	/Library/Java/JavaVirtualMachines/jdk1.7.0_15.jdk/Contents/Home/jre/lib/libzip.dylib
0x000000016777b000 	/System/Library/Frameworks/JavaVM.framework/Frameworks/JavaRuntimeSupport.framework/JavaRuntimeSupport
0x0000000167793000 	/System/Library/Frameworks/JavaVM.framework/Versions/A/Frameworks/JavaNativeFoundation.framework/Versions/A/JavaNativeFoundation
0x000000010a283000 	/System/Library/Frameworks/JavaVM.framework/Versions/A/JavaVM
0x000000000be93000 	/System/Library/Frameworks/Carbon.framework/Versions/A/Carbon
0x00000001677a8000 	/System/Library/PrivateFrameworks/JavaLaunching.framework/Versions/A/JavaLaunching
0x000000000be93000 	/System/Library/Frameworks/Carbon.framework/Versions/A/Frameworks/CommonPanels.framework/Versions/A/CommonPanels
0x000000000be93000 	/System/Library/Frameworks/Carbon.framework/Versions/A/Frameworks/Help.framework/Versions/A/Help
0x000000000be93000 	/System/Library/Frameworks/Carbon.framework/Versions/A/Frameworks/ImageCapture.framework/Versions/A/ImageCapture
0x000000000be93000 	/System/Library/Frameworks/Carbon.framework/Versions/A/Frameworks/OpenScripting.framework/Versions/A/OpenScripting
0x000000000be93000 	/System/Library/Frameworks/Carbon.framework/Versions/A/Frameworks/Print.framework/Versions/A/Print
0x000000000be93000 	/System/Library/Frameworks/Carbon.framework/Versions/A/Frameworks/SecurityHI.framework/Versions/A/SecurityHI
0x0000000167ecf000 	/Library/Java/JavaVirtualMachines/jdk1.7.0_15.jdk/Contents/Home/jre/lib/libjawt.dylib
0x0000000167ed2000 	/Library/Java/JavaVirtualMachines/jdk1.7.0_15.jdk/Contents/Home/jre/lib/lwawt/liblwawt.dylib
0x0000000167f84000 	/Library/Java/JavaVirtualMachines/jdk1.7.0_15.jdk/Contents/Home/jre/lib/./libawt.dylib
0x0000000168033000 	/Library/Java/JavaVirtualMachines/jdk1.7.0_15.jdk/Contents/Home/jre/lib/./libmlib_image.dylib
0x00000001680ff000 	/Library/Java/JavaVirtualMachines/jdk1.7.0_15.jdk/Contents/Home/jre/lib/./libosxapp.dylib
0x000000016811b000 	/System/Library/Frameworks/ExceptionHandling.framework/Versions/A/ExceptionHandling

VM Arguments:
jvm_args: -Djava.library.path=/Users/sarajohansson/Grupp1/lib/LWJGL/native/macosx -Dfile.encoding=UTF-8 
java_command: Controller.Main
Launcher Type: SUN_STANDARD

Environment Variables:
PATH=/usr/bin:/bin:/usr/sbin:/sbin
SHELL=/bin/bash
DISPLAY=/tmp/launch-P4NQmW/org.macosforge.xquartz:0

Signal Handlers:
SIGSEGV: [libjvm.dylib+0x4a361d], sa_mask[0]=0xfffefeff, sa_flags=0x00000042
SIGBUS: [libjvm.dylib+0x4a361d], sa_mask[0]=0xfffefeff, sa_flags=0x00000042
SIGFPE: [libjvm.dylib+0x3b302d], sa_mask[0]=0xfffefeff, sa_flags=0x00000042
SIGPIPE: [libjvm.dylib+0x3b302d], sa_mask[0]=0xfffefeff, sa_flags=0x00000042
SIGXFSZ: [libjvm.dylib+0x3b302d], sa_mask[0]=0xfffefeff, sa_flags=0x00000042
SIGILL: [libjvm.dylib+0x3b302d], sa_mask[0]=0xfffefeff, sa_flags=0x00000042
SIGUSR1: SIG_DFL, sa_mask[0]=0x00000000, sa_flags=0x00000002
SIGUSR2: [libjvm.dylib+0x3b2bc6], sa_mask[0]=0x00000004, sa_flags=0x00000042
SIGHUP: [libjvm.dylib+0x3b0e27], sa_mask[0]=0xfffefeff, sa_flags=0x00000042
SIGINT: [libjvm.dylib+0x3b0e27], sa_mask[0]=0xfffefeff, sa_flags=0x00000042
SIGTERM: [libjvm.dylib+0x3b0e27], sa_mask[0]=0xfffefeff, sa_flags=0x00000042
SIGQUIT: [libjvm.dylib+0x3b0e27], sa_mask[0]=0xfffefeff, sa_flags=0x00000042


---------------  S Y S T E M  ---------------

OS:Bsduname:Darwin 12.3.0 Darwin Kernel Version 12.3.0: Sun Jan  6 22:37:10 PST 2013; root:xnu-2050.22.13~1/RELEASE_X86_64 x86_64
rlimit: STACK 8192k, CORE 0k, NPROC 709, NOFILE 10240, AS infinity
load average:0.90 0.71 0.61

CPU:total 4 (2 cores per cpu, 2 threads per core) family 6 model 42 stepping 7, cmov, cx8, fxsr, mmx, sse, sse2, sse3, ssse3, sse4.1, sse4.2, popcnt, avx, ht, tsc, tscinvbit

Memory: 4k page, physical 5427160k(1356790k free)

/proc/meminfo:


vm_info: Java HotSpot(TM) 64-Bit Server VM (23.7-b01) for bsd-amd64 JRE (1.7.0_15-b03), built on Feb 15 2013 14:26:35 by "java_re" with gcc 4.2.1 (Based on Apple Inc. build 5658) (LLVM build 2336.11.00)

time: Mon Apr 15 10:20:54 2013
elapsed time: 0 seconds

